This is pdfTeX, Version 3.14159265-2.6-1.40.20 (MiKTeX 2.9.7250 64-bit) (preloaded format=pdflatex 2020.1.26)  2 JUL 2021 19:41
entering extended mode
**./TCC.tex
(TCC.tex
LaTeX2e <2019-10-01> patch level 3
(ufpa-fem-abntex2.cls

LaTeX Warning: You have requested document class `ufpa-fem-abntex2',
               but the document class provides `configuracoes/ufpa-ppgem-abntex
2'.

Document Class: configuracoes/ufpa-ppgem-abntex2 2019/01/07 v1.0

("C:\Users\Raphael\AppData\Local\Programs\MiKTeX 2.9\tex/latex/abntex2\abntex2.
cls"
Document Class: abntex2 2018/11/24 v-1.9.7 abnTeX2
("C:\Users\Raphael\AppData\Local\Programs\MiKTeX 2.9\tex/latex/base\ifthen.sty"
Package: ifthen 2014/09/29 v1.1c Standard LaTeX ifthen package (DPC)
)
("C:\Users\Raphael\AppData\Local\Programs\MiKTeX 2.9\tex/latex/memoir\memoir.cl
s"
Document Class: memoir 2019/11/21 v3.7j configurable book, report, article docu
ment class
\onelineskip=\skip41
\lxvchars=\skip42
\xlvchars=\skip43
\@memcnta=\count80
\c@@memmarkcntra=\count81
LaTeX Info: Redefining \InputIfFileExists on input line 140.

("C:\Users\Raphael\AppData\Local\Programs\MiKTeX 2.9\tex/generic/iftex\iftex.st
y"
Package: iftex 2019/11/07 v1.0c TeX engine tests
)
\stockheight=\skip44
\stockwidth=\skip45
\trimtop=\skip46
\trimedge=\skip47

("C:\Users\Raphael\AppData\Local\Programs\MiKTeX 2.9\tex/latex/memoir\mem12.clo
"
File: mem12.clo 2010/10/19 v0.4b memoir class 12pt size option
)
\binding=\skip48
\spinemargin=\skip49
\foremargin=\skip50
\uppermargin=\skip51
\lowermargin=\skip52
\headdrop=\skip53
\normalrulethickness=\skip54
\mem@maxheadheight=\skip55
\mem@maxfootheight=\skip56
\headwidth=\skip57
\c@storedpagenumber=\count82
\memPD=\dimen102
\m@mabparskip=\skip58
\thanksmarkwidth=\skip59
\thanksmarksep=\skip60
\droptitle=\skip61
\c@book=\count83
\c@part=\count84
\c@chapter=\count85
\c@section=\count86
\c@subsection=\count87
\c@subsubsection=\count88
\c@paragraph=\count89
\c@subparagraph=\count90
\beforechapskip=\skip62
\midchapskip=\skip63
\afterchapskip=\skip64
\chapindent=\skip65
\bottomsectionskip=\skip66
\secindent=\skip67
\beforesecskip=\skip68
\aftersecskip=\skip69
\subsecindent=\skip70
\beforesubsecskip=\skip71
\aftersubsecskip=\skip72
\subsubsecindent=\skip73
\beforesubsubsecskip=\skip74
\aftersubsubsecskip=\skip75
\paraindent=\skip76
\beforeparaskip=\skip77
\afterparaskip=\skip78
\subparaindent=\skip79
\beforesubparaskip=\skip80
\aftersubparaskip=\skip81
\pfbreakskip=\skip82
\c@@ppsavesec=\count91
\c@@ppsaveapp=\count92
\ragrparindent=\dimen103
\everylistparindent=\dimen104
\parsepi=\skip83
\topsepi=\skip84
\itemsepi=\skip85
\parsepii=\skip86
\topsepii=\skip87
\topsepiii=\skip88
\itemsepii=\skip89
\itemsepiii=\skip90
\partopsepii=\skip91
\partopsepiii=\skip92
\m@msavetopsep=\skip93
\m@msavepartopsep=\skip94
\@enLab=\toks14
\abstitleskip=\skip95
\absleftindent=\skip96
\abs@leftindent=\dimen105
\absrightindent=\skip97
\absparindent=\skip98
\absparsep=\skip99
\c@vslineno=\count93
\c@poemline=\count94
\c@modulo@vs=\count95
\c@memfvsline=\count96
\vleftskip=\skip100
\vrightskip=\skip101
\stanzaskip=\skip102
\versewidth=\skip103
\vgap=\skip104
\vindent=\skip105
\vleftmargin=\dimen106
\c@verse=\count97
\c@chrsinstr=\count98
\beforepoemtitleskip=\skip106
\afterpoemtitleskip=\skip107
\c@poem=\count99
\beforePoemTitleskip=\skip108
\midPoemTitleskip=\skip109
\afterPoemTitleskip=\skip110

("C:\Users\Raphael\AppData\Local\Programs\MiKTeX 2.9\tex/latex/tools\array.sty"
Package: array 2019/08/31 v2.4l Tabular extension package (FMi)
\col@sep=\dimen107
\ar@mcellbox=\box27
\extrarowheight=\dimen108
\NC@list=\toks15
\extratabsurround=\skip111
\backup@length=\skip112
\ar@cellbox=\box28
)
("C:\Users\Raphael\AppData\Local\Programs\MiKTeX 2.9\tex/latex/tools\dcolumn.st
y"
Package: dcolumn 2014/10/28 v1.06 decimal alignment package (DPC)
)
("C:\Users\Raphael\AppData\Local\Programs\MiKTeX 2.9\tex/latex/tools\delarray.s
ty"
Package: delarray 2014/10/28 v1.01 array delimiter package (DPC)
)
("C:\Users\Raphael\AppData\Local\Programs\MiKTeX 2.9\tex/latex/tools\tabularx.s
ty"
Package: tabularx 2016/02/03 v2.11b `tabularx' package (DPC)
\TX@col@width=\dimen109
\TX@old@table=\dimen110
\TX@old@col=\dimen111
\TX@target=\dimen112
\TX@delta=\dimen113
\TX@cols=\count100
\TX@ftn=\toks16
)
\heavyrulewidth=\dimen114
\lightrulewidth=\dimen115
\cmidrulewidth=\dimen116
\belowrulesep=\dimen117
\belowbottomsep=\dimen118
\aboverulesep=\dimen119
\abovetopsep=\dimen120
\cmidrulesep=\dimen121
\cmidrulekern=\dimen122
\defaultaddspace=\dimen123
\@cmidla=\count101
\@cmidlb=\count102
\@aboverulesep=\dimen124
\@belowrulesep=\dimen125
\@thisruleclass=\count103
\@lastruleclass=\count104
\@thisrulewidth=\dimen126
\ctableftskip=\skip113
\ctabrightskip=\skip114
\abovecolumnspenalty=\count105
\@linestogo=\count106
\@cellstogo=\count107
\@cellsincolumn=\count108
\crtok=\toks17
\@mincolumnwidth=\dimen127
\c@newflo@tctr=\count109
\mem@margin@floatbox=\box29
\@contcwidth=\skip115
\@contindw=\skip116
\abovecaptionskip=\skip117
\belowcaptionskip=\skip118
\subfloattopskip=\skip119
\subfloatcapskip=\skip120
\subfloatcaptopadj=\skip121
\subfloatbottomskip=\skip122
\subfloatlabelskip=\skip123
\subfloatcapmargin=\dimen128
\c@@contsubnum=\count110
\m@mscap@capbox=\box30
\m@mscap@fbox=\box31
\sidecapsep=\dimen129
\sidecapwidth=\dimen130
\m@m@tempdima=\dimen131
\m@mscapraise=\dimen132
\sidecapraise=\dimen133
\m@mscapmainwidth=\dimen134
\m@mscaplkern=\dimen135
\beforeepigraphskip=\skip124
\afterepigraphskip=\skip125
\epigraphwidth=\skip126
\epigraphrule=\skip127
LaTeX Info: Redefining \em on input line 7662.
LaTeX Info: Redefining \emph on input line 7670.
\tocentryskip=\skip128
\tocbaseline=\skip129
\cftparskip=\skip130
\cftbeforebookskip=\skip131
\cftbookindent=\dimen136
\cftbooknumwidth=\dimen137
\cftbeforepartskip=\skip132
\cftpartindent=\skip133
\cftpartnumwidth=\skip134
\cftbeforechapterskip=\skip135
\cftchapterindent=\skip136
\cftchapternumwidth=\skip137
\cftbeforesectionskip=\skip138
\cftsectionindent=\skip139
\cftsectionnumwidth=\skip140
\cftbeforesubsectionskip=\skip141
\cftsubsectionindent=\skip142
\cftsubsectionnumwidth=\skip143
\cftbeforesubsubsectionskip=\skip144
\cftsubsubsectionindent=\skip145
\cftsubsubsectionnumwidth=\skip146
\cftbeforeparagraphskip=\skip147
\cftparagraphindent=\skip148
\cftparagraphnumwidth=\skip149
\cftbeforesubparagraphskip=\skip150
\cftsubparagraphindent=\skip151
\cftsubparagraphnumwidth=\skip152
\prechapterprecisshift=\dimen138
\c@maxsecnumdepth=\count111
\bibindent=\dimen139
\bibitemsep=\skip153
\indexcolsep=\skip154
\indexrule=\skip155
\indexmarkstyle=\toks18
\@indexbox=\insert199
\glossarycolsep=\dimen140
\glossaryrule=\dimen141
\sideparvshift=\skip156
\sideins=\insert198
\sidebartopsep=\skip157
\sidebarhsep=\skip158
\sidebarvsep=\skip159
\sidebarwidth=\skip160
\footmarkwidth=\skip161
\footmarksep=\skip162
\footparindent=\skip163
\footinsdim=\skip164
\footinsv@r=\insert197
\@mpfootinsv@r=\insert196
\m@m@k=\count112
\m@m@h=\dimen142
\m@mipn@skip=\skip165
\sidefootins=\insert195
\sidefootadjust=\skip166
\sidefootheight=\skip167
\sidefoothsep=\skip168
\sidefootvsep=\skip169
\sidefootwidth=\skip170
\m@mdownsf=\skip171
\c@sidefootnote=\count113
\sidefootmarkwidth=\skip172
\sidefootmarksep=\skip173
\sidefootparindent=\skip174
\c@pagenote=\count114
\c@pagenoteshadow=\count115
\mem@pn@lastkern=\skip175
\every@verbatim=\toks19
\afterevery@verbatim=\toks20
\verbatim@line=\toks21
\tab@position=\count116
\verbatim@in@stream=\read1
\verbatimindent=\skip176
\verbatim@out=\write3
\bvboxsep=\skip177
\c@memfbvline=\count117
\c@bvlinectr=\count118
\bvnumlength=\skip178
\fb@frw=\dimen143
\fb@frh=\dimen144
\FrameRule=\dimen145
\FrameSep=\dimen146
\c@cp@cntr=\count119
LaTeX Info: Redefining \: on input line 12187.
LaTeX Info: Redefining \! on input line 12189.
\c@ism@mctr=\count120
\c@xsm@mctr=\count121
\c@csm@mctr=\count122
\c@ksm@mctr=\count123
\c@xksm@mctr=\count124
\c@cksm@mctr=\count125
\c@msm@mctr=\count126
\c@xmsm@mctr=\count127
\c@cmsm@mctr=\count128
\c@bsm@mctr=\count129
\c@workm@mctr=\count130
\c@sheetsequence=\count131
\c@lastsheet=\count132
\c@lastpage=\count133

("C:\Users\Raphael\AppData\Local\Programs\MiKTeX 2.9\tex/latex/textcase\textcas
e.sty"
Package: textcase 2019/09/14 v1.00 Text only upper/lower case changing (DPC)
)
\c@figure=\count134
\c@lofdepth=\count135
\cftbeforefigureskip=\skip179
\cftfigureindent=\skip180
\cftfigurenumwidth=\skip181
\c@table=\count136
\c@lotdepth=\count137
\cftbeforetableskip=\skip182
\cfttableindent=\skip183
\cfttablenumwidth=\skip184
Package abstract [2008/07/23] emulated by memoir.
Package appendix [2008/07/23] emulated by memoir.
Package booktabs [2016/05/16] emulated by memoir.
Package ccaption [2008/07/23] emulated by memoir.
Package changepage [2008/07/23] emulated by memoir.
Package chngcntr [2008/07/23] emulated by memoir.
Package chngpage [2008/07/23] emulated by memoir.
Package crop emulated by memoir.
Package enumerate [2008/07/23] emulated by memoir.
Package epigraph [2008/07/23] emulated by memoir.
Package ifmtarg [2008/07/23] emulated by memoir.
Package index [2008/07/23] emulated by memoir.
Package makeidx [2008/07/23] emulated by memoir.
Package moreverb [2008/07/23] emulated by memoir.
Package mparhack [2008/07/23] emulated by memoir.
Package needspace [2008/07/23] emulated by memoir.
Package newfile [2008/07/23] emulated by memoir.
Package nextpage [2008/07/23] emulated by memoir.
Package pagenote [2008/07/23] emulated by memoir.
Package parskip [2008/07/23] emulated by memoir.
Package patchcmd [2008/07/23] emulated by memoir.
Package setspace [2008/07/23] emulated by memoir.
Package shortvrb [2008/07/23] emulated by memoir.
Package showidx [2008/07/23] emulated by memoir.
Package titleref [2008/07/23] emulated by memoir.
Package titling [2008/07/23] emulated by memoir.
Package tocbibind [2008/07/23] emulated by memoir.
Package tocloft [2008/07/23] emulated by memoir.
Package tocvsec2 [2008/07/23] emulated by memoir.
Package verbatim [2008/07/23] emulated by memoir.
Package verse [2008/07/23] emulated by memoir.
)
("C:\Users\Raphael\AppData\Local\Programs\MiKTeX 2.9\tex/latex/hyperref\hyperre
f.sty"
Package: hyperref 2019/11/10 v7.00c Hypertext links for LaTeX

("C:\Users\Raphael\AppData\Local\Programs\MiKTeX 2.9\tex/generic/oberdiek\ltxcm
ds.sty"
Package: ltxcmds 2016/05/16 v1.23 LaTeX kernel commands for general use (HO)
)
("C:\Users\Raphael\AppData\Local\Programs\MiKTeX 2.9\tex/latex/pdftexcmds\pdfte
xcmds.sty"
Package: pdftexcmds 2019/11/24 v0.31 Utility functions of pdfTeX for LuaTeX (HO
)

("C:\Users\Raphael\AppData\Local\Programs\MiKTeX 2.9\tex/generic/oberdiek\infwa
rerr.sty"
Package: infwarerr 2016/05/16 v1.4 Providing info/warning/error messages (HO)
)
Package pdftexcmds Info: \pdf@primitive is available.
Package pdftexcmds Info: \pdf@ifprimitive is available.
Package pdftexcmds Info: \pdfdraftmode found.
)
("C:\Users\Raphael\AppData\Local\Programs\MiKTeX 2.9\tex/latex/graphics\keyval.
sty"
Package: keyval 2014/10/28 v1.15 key=value parser (DPC)
\KV@toks@=\toks22
)
("C:\Users\Raphael\AppData\Local\Programs\MiKTeX 2.9\tex/generic/oberdiek\kvset
keys.sty"
Package: kvsetkeys 2016/05/16 v1.17 Key value parser (HO)

("C:\Users\Raphael\AppData\Local\Programs\MiKTeX 2.9\tex/generic/oberdiek\etexc
mds.sty"
Package: etexcmds 2016/05/16 v1.6 Avoid name clashes with e-TeX commands (HO)

("C:\Users\Raphael\AppData\Local\Programs\MiKTeX 2.9\tex/generic/iftex\ifluatex
.sty"
Package: ifluatex 2019/10/25 v1.5 ifluatex legacy package. Use iftex instead.
)))
("C:\Users\Raphael\AppData\Local\Programs\MiKTeX 2.9\tex/generic/oberdiek\kvdef
inekeys.sty"
Package: kvdefinekeys 2016/05/16 v1.4 Define keys (HO)
)
("C:\Users\Raphael\AppData\Local\Programs\MiKTeX 2.9\tex/generic/oberdiek\pdfes
cape.sty"
Package: pdfescape 2016/05/16 v1.14 Implements pdfTeX's escape features (HO)
)
("C:\Users\Raphael\AppData\Local\Programs\MiKTeX 2.9\tex/latex/oberdiek\hycolor
.sty"
Package: hycolor 2016/05/16 v1.8 Color options for hyperref/bookmark (HO)

("C:\Users\Raphael\AppData\Local\Programs\MiKTeX 2.9\tex/latex/oberdiek\xcolor-
patch.sty"
Package: xcolor-patch 2016/05/16 xcolor patch

("C:\Users\Raphael\AppData\Local\Programs\MiKTeX 2.9\tex/latex/oberdiek\hopatch
.sty"
Package: hopatch 2016/05/16 v1.3 Wrapper for package hooks (HO)
)))
("C:\Users\Raphael\AppData\Local\Programs\MiKTeX 2.9\tex/latex/oberdiek\letltxm
acro.sty"
Package: letltxmacro 2016/05/16 v1.5 Let assignment for LaTeX macros (HO)
)
("C:\Users\Raphael\AppData\Local\Programs\MiKTeX 2.9\tex/latex/oberdiek\auxhook
.sty"
Package: auxhook 2016/05/16 v1.4 Hooks for auxiliary files (HO)
)
("C:\Users\Raphael\AppData\Local\Programs\MiKTeX 2.9\tex/latex/oberdiek\kvoptio
ns.sty"
Package: kvoptions 2016/05/16 v3.12 Key value format for package options (HO)
)
\@linkdim=\dimen147
\Hy@linkcounter=\count138
\Hy@pagecounter=\count139

("C:\Users\Raphael\AppData\Local\Programs\MiKTeX 2.9\tex/latex/hyperref\pd1enc.
def"
File: pd1enc.def 2019/11/10 v7.00c Hyperref: PDFDocEncoding definition (HO)
Now handling font encoding PD1 ...
... no UTF-8 mapping file for font encoding PD1
)
("C:\Users\Raphael\AppData\Local\Programs\MiKTeX 2.9\tex/generic/oberdiek\intca
lc.sty"
Package: intcalc 2016/05/16 v1.2 Expandable calculations with integers (HO)
)
\Hy@SavedSpaceFactor=\count140

("C:\Users\Raphael\AppData\Local\Programs\MiKTeX 2.9\tex/latex/00miktex\hyperre
f.cfg"
File: hyperref.cfg 2002/06/06 v1.2 hyperref configuration of TeXLive
)
Package hyperref Info: Hyper figures OFF on input line 4535.
Package hyperref Info: Link nesting OFF on input line 4540.
Package hyperref Info: Hyper index ON on input line 4543.
Package hyperref Info: Plain pages OFF on input line 4550.
Package hyperref Info: Backreferencing OFF on input line 4555.
Package hyperref Info: Implicit mode ON; LaTeX internals redefined.
Package hyperref Info: Bookmarks ON on input line 4788.
\c@Hy@tempcnt=\count141

("C:\Users\Raphael\AppData\Local\Programs\MiKTeX 2.9\tex/latex/url\url.sty"
\Urlmuskip=\muskip10
Package: url 2013/09/16  ver 3.4  Verb mode for urls, etc.
)
LaTeX Info: Redefining \url on input line 5147.
\XeTeXLinkMargin=\dimen148

("C:\Users\Raphael\AppData\Local\Programs\MiKTeX 2.9\tex/generic/oberdiek\bitse
t.sty"
Package: bitset 2016/05/16 v1.2 Handle bit-vector datatype (HO)

("C:\Users\Raphael\AppData\Local\Programs\MiKTeX 2.9\tex/generic/oberdiek\bigin
tcalc.sty"
Package: bigintcalc 2016/05/16 v1.4 Expandable calculations on big integers (HO
)
))
\Fld@menulength=\count142
\Field@Width=\dimen149
\Fld@charsize=\dimen150
Package hyperref Info: Hyper figures OFF on input line 6418.
Package hyperref Info: Link nesting OFF on input line 6423.
Package hyperref Info: Hyper index ON on input line 6426.
Package hyperref Info: backreferencing OFF on input line 6433.
Package hyperref Info: Link coloring OFF on input line 6438.
Package hyperref Info: Link coloring with OCG OFF on input line 6443.
Package hyperref Info: PDF/A mode OFF on input line 6448.
LaTeX Info: Redefining \ref on input line 6488.
LaTeX Info: Redefining \pageref on input line 6492.

("C:\Users\Raphael\AppData\Local\Programs\MiKTeX 2.9\tex/generic/oberdiek\atbeg
shi.sty"
Package: atbegshi 2016/06/09 v1.18 At begin shipout hook (HO)

("C:\Users\Raphael\AppData\Local\Programs\MiKTeX 2.9\tex/generic/iftex\ifpdf.st
y"
Package: ifpdf 2019/10/25 v3.4 ifpdf legacy package. Use iftex instead.
))
\Hy@abspage=\count143
\c@Item=\count144
\c@Hfootnote=\count145
)
("C:\Users\Raphael\AppData\Local\Programs\MiKTeX 2.9\tex/latex/memoir\memhfixc.
sty"
Package: memhfixc 2019/10/24 v1.18 nameref/hyperref package fixes for memoir cl
ass
\c@memhycontfloat=\count146
\c@Hpagenote=\count147
)
Package hyperref Info: Driver (autodetected): hpdftex.

("C:\Users\Raphael\AppData\Local\Programs\MiKTeX 2.9\tex/latex/hyperref\hpdftex
.def"
File: hpdftex.def 2019/11/10 v7.00c Hyperref driver for pdfTeX

("C:\Users\Raphael\AppData\Local\Programs\MiKTeX 2.9\tex/latex/oberdiek\atverye
nd.sty"
Package: atveryend 2016/05/16 v1.9 Hooks at the very end of document (HO)
Package atveryend Info: \enddocument detected (standard20110627).
)
\Fld@listcount=\count148
\c@bookmark@seq@number=\count149

("C:\Users\Raphael\AppData\Local\Programs\MiKTeX 2.9\tex/latex/oberdiek\rerunfi
lecheck.sty"
Package: rerunfilecheck 2016/05/16 v1.8 Rerun checks for auxiliary files (HO)

("C:\Users\Raphael\AppData\Local\Programs\MiKTeX 2.9\tex/generic/oberdiek\uniqu
ecounter.sty"
Package: uniquecounter 2016/05/16 v1.3 Provide unlimited unique counter (HO)
)
Package uniquecounter Info: New unique counter `rerunfilecheck' on input line 2
85.
)
\Hy@SectionHShift=\skip185
)
("C:\Users\Raphael\AppData\Local\Programs\MiKTeX 2.9\tex/latex/oberdiek\bookmar
k.sty"
Package: bookmark 2019/06/04 v1.27 PDF bookmarks (HO)

("C:\Users\Raphael\AppData\Local\Programs\MiKTeX 2.9\tex/generic/iftex\ifxetex.
sty"
Package: ifxetex 2019/10/25 v0.7 ifxetex legacy package. Use iftex instead.
)
("C:\Users\Raphael\AppData\Local\Programs\MiKTeX 2.9\tex/generic/iftex\ifvtex.s
ty"
Package: ifvtex 2019/10/25 v1.7 ifvtex legacy package. Use iftex instead.
)
("C:\Users\Raphael\AppData\Local\Programs\MiKTeX 2.9\tex/latex/oberdiek\bkm-pdf
tex.def"
File: bkm-pdftex.def 2019/06/04 v1.27 bookmark driver for pdfTeX (HO)
\BKM@id=\count150
))
("C:\Users\Raphael\AppData\Local\Programs\MiKTeX 2.9\tex/generic/babel\babel.st
y"
Package: babel 2019/11/14 3.36 The Babel package

("C:\Users\Raphael\AppData\Local\Programs\MiKTeX 2.9\tex/generic/babel\switch.d
ef"
File: switch.def 2019/11/14 3.36 Babel switching mechanism
)
*************************************
* Local config file bblopts.cfg used
*

("C:\Users\Raphael\AppData\Local\Programs\MiKTeX 2.9\tex/latex/arabi\bblopts.cf
g"
File: bblopts.cfg 2005/09/08 v0.1 add Arabic and Farsi to "declared" options of
 babel
)
("C:\Users\Raphael\AppData\Local\Programs\MiKTeX 2.9\tex/latex/babel-portuges\p
ortuges.ldf"
Language: portuges 2008/03/18 v1.2q Portuguese support from the babel system

("C:\Users\Raphael\AppData\Local\Programs\MiKTeX 2.9\tex/generic/babel\babel.de
f"
File: babel.def 2019/11/14 3.36 Babel common definitions
\babel@savecnt=\count151
\U@D=\dimen151

("C:\Users\Raphael\AppData\Local\Programs\MiKTeX 2.9\tex/generic/babel\txtbabel
.def")
\bbl@dirlevel=\count152
)
Package babel Info: \l@brazil = using hyphenrules for portuguese
(babel)             (\language55) on input line 113.
Package babel Info: Making " an active character on input line 145.
))
("C:\Users\Raphael\AppData\Local\Programs\MiKTeX 2.9\tex/latex/enumitem\enumite
m.sty"
Package: enumitem 2019/06/20 v3.9 Customized lists
\labelindent=\skip186
\enit@outerparindent=\dimen152
\enit@toks=\toks23
\enit@inbox=\box32
\enit@count@id=\count153
\enitdp@description=\count154
)
("C:\Users\Raphael\AppData\Local\Programs\MiKTeX 2.9\tex/latex/tools\calc.sty"
Package: calc 2017/05/25 v4.3 Infix arithmetic (KKT,FJ)
\calc@Acount=\count155
\calc@Bcount=\count156
\calc@Adimen=\dimen153
\calc@Bdimen=\dimen154
\calc@Askip=\skip187
\calc@Bskip=\skip188
LaTeX Info: Redefining \setlength on input line 80.
LaTeX Info: Redefining \addtolength on input line 81.
\calc@Ccount=\count157
\calc@Cskip=\skip189
)

******************************************************
Stock height and width: 845.04684pt by 597.50787pt
Top and edge trims: 0pt and 0pt
Page height and width: 845.04684pt by 597.50787pt
Text height and width: 708pt by 455pt
Spine and edge margins: 85.35826pt and 56.9055pt
Upper and lower margins: 85.35826pt and 51.68858pt
Headheight and headsep: 14.5pt and 19.8738pt
Footskip: 30pt
Columnsep and columnseprule: 10pt and 0pt
Marginparsep and marginparwidth: 7pt and 42.9055pt
Sidecapsep and sidecapwidth: 7pt and 42pt
Sidebarhsep and sidebarwidth: 7pt and 42pt
Sidebarvsep and sidebartopsep: 14.5pt and 0pt
Sidebarheight: 590.14995pt
Sidefoothsep and sidefootwidth: 7pt and 42pt
Sidefootvsep and sidefootheight: 14.5pt and 590.14995pt
******************************************************

\c@abntex@bookmarkcounter=\count158
\cftlastnumwidth=\skip190
\chapternamenumlength=\skip191
\ABNTEXcitacaorecuo=\skip192
\c@alineasi=\count159
\c@alineasii=\count160
\enitdp@alineas=\count161
\c@subalineasi=\count162
\enitdp@subalineas=\count163
\c@incisosi=\count164
\enitdp@incisos=\count165
\ABNTEXsignwidth=\skip193
\ABNTEXsignthickness=\skip194
\ABNTEXsignskip=\skip256
)
("C:\Users\Raphael\AppData\Local\Programs\MiKTeX 2.9\tex/latex/hyperref\backref
.sty"
Package: backref 2016/05/21 v1.39 Bibliographical back referencing
)
("C:\Users\Raphael\AppData\Local\Programs\MiKTeX 2.9\tex/latex/tools\indentfirs
t.sty"
Package: indentfirst 1995/11/23 v1.03 Indent first paragraph (DPC)
)
\c@quadro=\count166
\c@loqdepth=\count167
\cftbeforequadroskip=\skip257
\cftquadroindent=\skip258
\cftquadronumwidth=\skip259

("C:\Users\Raphael\AppData\Local\Programs\MiKTeX 2.9\tex/latex/abntex2\abntex2c
ite.sty"
Package: abntex2cite 2018/11/24 v-1.9.7 abnTeX2

("C:\Users\Raphael\AppData\Local\Programs\MiKTeX 2.9\tex/latex/abntex2\abntex2a
brev.sty")
\minimumbiblabelwidth=\skip260
\ABCIauxlen=\skip261
\c@ABCIaux=\count168
\c@ABCImax=\count169

("C:\Users\Raphael\AppData\Local\Programs\MiKTeX 2.9\tex/latex/relsize\relsize.
sty"
Package: relsize 2013/03/29 ver 4.1
)
\biblabelsep=\skip262
LaTeX Info: Redefining \newblock on input line 591.
LaTeX Info: Redefining \cite on input line 618.
\ABCItoken=\toks24
)
("C:\Users\Raphael\AppData\Local\Programs\MiKTeX 2.9\tex/latex/caption\subcapti
on.sty"
Package: subcaption 2020/08/23 v1.3g Sub-captions (AR)


Class memoir Warning: For the caption package to function properly with memoir,
 we will now reset\caption and friends to kernel defaults and then let the capt
ion package take over. Remember: all caption configuration now goves via the ca
ption package interface, not the interface from the memoir class. .


("C:\Users\Raphael\AppData\Local\Programs\MiKTeX 2.9\tex/latex/caption\caption.
sty"
Package: caption 2020/09/12 v3.5b Customizing captions (AR)

("C:\Users\Raphael\AppData\Local\Programs\MiKTeX 2.9\tex/latex/caption\caption3
.sty"
Package: caption3 2020/09/17 v2.1b caption3 kernel (AR)
\captionmargin=\dimen155
\captionmargin@=\dimen156
\captionwidth=\dimen157
\caption@tempdima=\dimen158
\caption@indent=\dimen159
\caption@parindent=\dimen160
\caption@hangindent=\dimen161
Package caption Info: memoir document class detected.

("C:\Users\Raphael\AppData\Local\Programs\MiKTeX 2.9\tex/latex/caption\caption-
memoir.sto"
File: caption-memoir.sto 2020/07/31 v2.0 Adaption of the caption package to the
 memoir document class (AR)
))
\c@caption@flags=\count170
\c@continuedfloat=\count171
Package caption Info: changepage package is loaded.
\caption@adjustwidth@hsize=\dimen162
\caption@adjustwidth@linewidth=\dimen163
Package caption Info: hyperref package is loaded.
)
\c@subfigure=\count172
\c@subtable=\count173
)
("C:\Users\Raphael\AppData\Local\Programs\MiKTeX 2.9\tex/latex/varwidth\varwidt
h.sty"
Package: varwidth 2009/03/30 ver 0.92;  Variable-width minipages
\@vwid@box=\box33
\sift@deathcycles=\count174
\@vwid@loff=\dimen164
\@vwid@roff=\dimen165
)
("C:\Users\Raphael\AppData\Local\Programs\MiKTeX 2.9\tex/latex/graphics\rotatin
g.sty"
Package: rotating 2016/08/11 v2.16d rotated objects in LaTeX

("C:\Users\Raphael\AppData\Local\Programs\MiKTeX 2.9\tex/latex/graphics\graphic
x.sty"
Package: graphicx 2017/06/01 v1.1a Enhanced LaTeX Graphics (DPC,SPQR)

("C:\Users\Raphael\AppData\Local\Programs\MiKTeX 2.9\tex/latex/graphics\graphic
s.sty"
Package: graphics 2019/11/01 v1.3d Standard LaTeX Graphics (DPC,SPQR)

("C:\Users\Raphael\AppData\Local\Programs\MiKTeX 2.9\tex/latex/graphics\trig.st
y"
Package: trig 2016/01/03 v1.10 sin cos tan (DPC)
)
("C:\Users\Raphael\AppData\Local\Programs\MiKTeX 2.9\tex/latex/graphics-cfg\gra
phics.cfg"
File: graphics.cfg 2016/06/04 v1.11 sample graphics configuration
)
Package graphics Info: Driver file: pdftex.def on input line 105.

("C:\Users\Raphael\AppData\Local\Programs\MiKTeX 2.9\tex/latex/graphics-def\pdf
tex.def"
File: pdftex.def 2018/01/08 v1.0l Graphics/color driver for pdftex
))
\Gin@req@height=\dimen166
\Gin@req@width=\dimen167
)
\c@r@tfl@t=\count175
\rotFPtop=\skip263
\rotFPbot=\skip264
\rot@float@box=\box34
\rot@mess@toks=\toks25
)
("C:\Users\Raphael\AppData\Local\Programs\MiKTeX 2.9\tex/latex/amsmath\amsmath.
sty"
Package: amsmath 2019/11/16 v2.17d AMS math features
\@mathmargin=\skip265

For additional information on amsmath, use the `?' option.

("C:\Users\Raphael\AppData\Local\Programs\MiKTeX 2.9\tex/latex/amsmath\amstext.
sty"
Package: amstext 2000/06/29 v2.01 AMS text

("C:\Users\Raphael\AppData\Local\Programs\MiKTeX 2.9\tex/latex/amsmath\amsgen.s
ty"
File: amsgen.sty 1999/11/30 v2.0 generic functions
\@emptytoks=\toks26
\ex@=\dimen168
))
("C:\Users\Raphael\AppData\Local\Programs\MiKTeX 2.9\tex/latex/amsmath\amsbsy.s
ty"
Package: amsbsy 1999/11/29 v1.2d Bold Symbols
\pmbraise@=\dimen169
)
("C:\Users\Raphael\AppData\Local\Programs\MiKTeX 2.9\tex/latex/amsmath\amsopn.s
ty"
Package: amsopn 2016/03/08 v2.02 operator names
)
\inf@bad=\count176
LaTeX Info: Redefining \frac on input line 227.
\uproot@=\count177
\leftroot@=\count178
LaTeX Info: Redefining \overline on input line 389.
\classnum@=\count179
\DOTSCASE@=\count180
LaTeX Info: Redefining \ldots on input line 486.
LaTeX Info: Redefining \dots on input line 489.
LaTeX Info: Redefining \cdots on input line 610.
\Mathstrutbox@=\box35
\strutbox@=\box36
\big@size=\dimen170
LaTeX Font Info:    Redeclaring font encoding OML on input line 733.
LaTeX Font Info:    Redeclaring font encoding OMS on input line 734.
\macc@depth=\count181
\c@MaxMatrixCols=\count182
\dotsspace@=\muskip11
\c@parentequation=\count183
\dspbrk@lvl=\count184
\tag@help=\toks27
\row@=\count185
\column@=\count186
\maxfields@=\count187
\andhelp@=\toks28
\eqnshift@=\dimen171
\alignsep@=\dimen172
\tagshift@=\dimen173
\tagwidth@=\dimen174
\totwidth@=\dimen175
\lineht@=\dimen176
\@envbody=\toks29
\multlinegap=\skip266
\multlinetaggap=\skip267
\mathdisplay@stack=\toks30
LaTeX Info: Redefining \[ on input line 2858.
LaTeX Info: Redefining \] on input line 2859.
)
("C:\Users\Raphael\AppData\Local\Programs\MiKTeX 2.9\tex/latex/base\inputenc.st
y"
Package: inputenc 2018/08/11 v1.3c Input encoding file
\inpenc@prehook=\toks31
\inpenc@posthook=\toks32
)
("C:\Users\Raphael\AppData\Local\Programs\MiKTeX 2.9\tex/latex/base\fontenc.sty
"
Package: fontenc 2018/08/11 v2.0j Standard LaTeX package
 ("C:\Users\Raphael\AppData\Local\Programs\MiKTeX 2.9\tex/latex/base\t1enc.def"
File: t1enc.def 2018/08/11 v2.0j Standard LaTeX file
LaTeX Font Info:    Redeclaring font encoding T1 on input line 48.
))
("C:\Users\Raphael\AppData\Local\Programs\MiKTeX 2.9\tex/latex/graphics\color.s
ty"
Package: color 2016/07/10 v1.1e Standard LaTeX Color (DPC)

("C:\Users\Raphael\AppData\Local\Programs\MiKTeX 2.9\tex/latex/graphics-cfg\col
or.cfg"
File: color.cfg 2016/01/02 v1.6 sample color configuration
)
Package color Info: Driver file: pdftex.def on input line 147.
)
("C:\Users\Raphael\AppData\Local\Programs\MiKTeX 2.9\tex/latex/colortbl\colortb
l.sty"
Package: colortbl 2020/01/04 v1.0e Color table columns (DPC)
\everycr=\toks33
\minrowclearance=\skip268
)
("C:\Users\Raphael\AppData\Local\Programs\MiKTeX 2.9\tex/latex/float\float.sty"
Package: float 2001/11/08 v1.3d Float enhancements (AL)
\c@float@type=\count188
\float@exts=\toks34
\float@box=\box37
\@float@everytoks=\toks35
\@floatcapt=\box38
) ("C:\Users\Raphael\AppData\Local\Programs\MiKTeX 2.9\tex/latex/was\icomma.sty
"
Package: icomma 2002/03/10 v2.0 (WaS)
)
("C:\Users\Raphael\AppData\Local\Programs\MiKTeX 2.9\tex/latex/microtype\microt
ype.sty"
Package: microtype 2019/11/18 v2.7d Micro-typographical refinements (RS)
\MT@toks=\toks36
\MT@count=\count189
LaTeX Info: Redefining \textls on input line 790.
\MT@outer@kern=\dimen177
LaTeX Info: Redefining \textmicrotypecontext on input line 1354.
\MT@listname@count=\count190

("C:\Users\Raphael\AppData\Local\Programs\MiKTeX 2.9\tex/latex/microtype\microt
ype-pdftex.def"
File: microtype-pdftex.def 2019/11/18 v2.7d Definitions specific to pdftex (RS)

LaTeX Info: Redefining \lsstyle on input line 914.
LaTeX Info: Redefining \lslig on input line 914.
\MT@outer@space=\skip269
)
Package microtype Info: Loading configuration file microtype.cfg.

("C:\Users\Raphael\AppData\Local\Programs\MiKTeX 2.9\tex/latex/microtype\microt
ype.cfg"
File: microtype.cfg 2019/11/18 v2.7d microtype main configuration file (RS)
))
("C:\Users\Raphael\AppData\Local\Programs\MiKTeX 2.9\tex/latex/multirow\multiro
w.sty"
Package: multirow 2019/05/31 v2.5 Span multiple rows of a table
\multirow@colwidth=\skip270
\multirow@cntb=\count191
\multirow@dima=\skip271
\bigstrutjot=\dimen178
)
("C:\Users\Raphael\AppData\Local\Programs\MiKTeX 2.9\tex/latex/subeqnarray\sube
qnarray.sty"
Package: subeqnarray 2004/04/15 v2.1c subeqnarray package
\c@subequation=\count192
)
("C:\Users\Raphael\AppData\Local\Programs\MiKTeX 2.9\tex/latex/lastpage\lastpag
e.sty"
Package: lastpage 2015/03/29 v1.2m Refers to last page's name (HMM; JPG)
)
("C:\Users\Raphael\AppData\Local\Programs\MiKTeX 2.9\tex/latex/amsfonts\amsfont
s.sty"
Package: amsfonts 2013/01/14 v3.01 Basic AMSFonts support
\symAMSa=\mathgroup4
\symAMSb=\mathgroup5
LaTeX Font Info:    Redeclaring math symbol \hbar on input line 98.
LaTeX Font Info:    Overwriting math alphabet `\mathfrak' in version `bold'
(Font)                  U/euf/m/n --> U/euf/b/n on input line 106.
)
("C:\Users\Raphael\AppData\Local\Programs\MiKTeX 2.9\tex/latex/amsfonts\amssymb
.sty"
Package: amssymb 2013/01/14 v3.01 AMS font symbols
)
("C:\Users\Raphael\AppData\Local\Programs\MiKTeX 2.9\tex/latex/algorithm2e\algo
rithm2e.sty"
Package: algorithm2e 2017/07/18 v5.2 algorithms environments
\c@AlgoLine=\count193
\algocf@hangindent=\skip272

("C:\Users\Raphael\AppData\Local\Programs\MiKTeX 2.9\tex/latex/ifoddpage\ifoddp
age.sty"
Package: ifoddpage 2016/04/23 v1.1 Conditionals for odd/even page detection
\c@checkoddpage=\count194
LaTeX Info: Redefining \checkoddpage on input line 45.
)
("C:\Users\Raphael\AppData\Local\Programs\MiKTeX 2.9\tex/latex/tools\xspace.sty
"
Package: xspace 2014/10/28 v1.13 Space after command names (DPC,MH)
)
\skiptotal=\skip273
\skiplinenumber=\skip274
\skiprule=\skip275
\skiphlne=\skip276
\skiptext=\skip277
\skiplength=\skip278
\algomargin=\skip279
\skipalgocfslide=\skip280
\algowidth=\dimen179
\inoutsize=\dimen180
\inoutindent=\dimen181
\interspacetitleruled=\dimen182
\interspacealgoruled=\dimen183
\interspacetitleboxruled=\dimen184
\algocf@ruledwidth=\skip281
\algocf@inoutbox=\box39
\algocf@inputbox=\box40
\AlCapSkip=\skip282
\AlCapHSkip=\skip283
\algoskipindent=\skip284
\algocf@nlbox=\box41
\algocf@hangingbox=\box42
\algocf@untilbox=\box43
\algocf@skipuntil=\skip285
\algocf@capbox=\box44
\algocf@lcaptionbox=\skip286
\algoheightruledefault=\skip287
\algoheightrule=\skip288
\algotitleheightruledefault=\skip289
\algotitleheightrule=\skip290
\c@algocfline=\count266
\c@algocfproc=\count267
\c@algocf=\count268
\algocf@algoframe=\box45
\algocf@algobox=\box46
)
("C:\Users\Raphael\AppData\Local\Programs\MiKTeX 2.9\tex/latex/lm\lmodern.sty"
Package: lmodern 2009/10/30 v1.6 Latin Modern Fonts
LaTeX Font Info:    Overwriting symbol font `operators' in version `normal'
(Font)                  OT1/cmr/m/n --> OT1/lmr/m/n on input line 22.
LaTeX Font Info:    Overwriting symbol font `letters' in version `normal'
(Font)                  OML/cmm/m/it --> OML/lmm/m/it on input line 23.
LaTeX Font Info:    Overwriting symbol font `symbols' in version `normal'
(Font)                  OMS/cmsy/m/n --> OMS/lmsy/m/n on input line 24.
LaTeX Font Info:    Overwriting symbol font `largesymbols' in version `normal'
(Font)                  OMX/cmex/m/n --> OMX/lmex/m/n on input line 25.
LaTeX Font Info:    Overwriting symbol font `operators' in version `bold'
(Font)                  OT1/cmr/bx/n --> OT1/lmr/bx/n on input line 26.
LaTeX Font Info:    Overwriting symbol font `letters' in version `bold'
(Font)                  OML/cmm/b/it --> OML/lmm/b/it on input line 27.
LaTeX Font Info:    Overwriting symbol font `symbols' in version `bold'
(Font)                  OMS/cmsy/b/n --> OMS/lmsy/b/n on input line 28.
LaTeX Font Info:    Overwriting symbol font `largesymbols' in version `bold'
(Font)                  OMX/cmex/m/n --> OMX/lmex/m/n on input line 29.
LaTeX Font Info:    Overwriting math alphabet `\mathbf' in version `normal'
(Font)                  OT1/cmr/bx/n --> OT1/lmr/bx/n on input line 31.
LaTeX Font Info:    Overwriting math alphabet `\mathsf' in version `normal'
(Font)                  OT1/cmss/m/n --> OT1/lmss/m/n on input line 32.
LaTeX Font Info:    Overwriting math alphabet `\mathit' in version `normal'
(Font)                  OT1/cmr/m/it --> OT1/lmr/m/it on input line 33.
LaTeX Font Info:    Overwriting math alphabet `\mathtt' in version `normal'
(Font)                  OT1/cmtt/m/n --> OT1/lmtt/m/n on input line 34.
LaTeX Font Info:    Overwriting math alphabet `\mathbf' in version `bold'
(Font)                  OT1/cmr/bx/n --> OT1/lmr/bx/n on input line 35.
LaTeX Font Info:    Overwriting math alphabet `\mathsf' in version `bold'
(Font)                  OT1/cmss/bx/n --> OT1/lmss/bx/n on input line 36.
LaTeX Font Info:    Overwriting math alphabet `\mathit' in version `bold'
(Font)                  OT1/cmr/bx/it --> OT1/lmr/bx/it on input line 37.
LaTeX Font Info:    Overwriting math alphabet `\mathtt' in version `bold'
(Font)                  OT1/cmtt/m/n --> OT1/lmtt/m/n on input line 38.
)
("C:\Users\Raphael\AppData\Local\Programs\MiKTeX 2.9\tex/latex/footmisc\footmis
c.sty"
Package: footmisc 2011/06/06 v5.5b a miscellany of footnote facilities
\FN@temptoken=\toks37
\footnotemargin=\dimen185


LaTeX Warning: Command \@makecol  has changed.
               Check if current package is valid.

\c@pp@next@reset=\count269
Package footmisc Info: Declaring symbol style bringhurst on input line 855.
Package footmisc Info: Declaring symbol style chicago on input line 863.
Package footmisc Info: Declaring symbol style wiley on input line 872.
Package footmisc Info: Declaring symbol style lamport-robust on input line 883.

Package footmisc Info: Declaring symbol style lamport* on input line 903.
Package footmisc Info: Declaring symbol style lamport*-robust on input line 924
.
) ("C:\Users\Raphael\AppData\Local\Programs\MiKTeX 2.9\tex/latex/ae\ae.sty"
Package: ae 2001/02/12 1.3 Almost European Computer Modern

("C:\Users\Raphael\AppData\Local\Programs\MiKTeX 2.9\tex/latex/base\fontenc.sty
"
Package: fontenc 2018/08/11 v2.0j Standard LaTeX package
 ("C:\Users\Raphael\AppData\Local\Programs\MiKTeX 2.9\tex/latex/base\t1enc.def"
File: t1enc.def 2018/08/11 v2.0j Standard LaTeX file
LaTeX Font Info:    Redeclaring font encoding T1 on input line 48.
)
LaTeX Font Info:    Trying to load font information for T1+aer on input line 10
5.
 ("C:\Users\Raphael\AppData\Local\Programs\MiKTeX 2.9\tex/latex/ae\t1aer.fd"
File: t1aer.fd 1997/11/16 Font definitions for T1/aer.
))) ("C:\Users\Raphael\AppData\Local\Programs\MiKTeX 2.9\tex/latex/ae\aecompl.s
ty"
Package: aecompl 1998/07/23 0.9 T1 Complements for AE fonts (D. Roegel)
)
("C:\Users\Raphael\AppData\Local\Programs\MiKTeX 2.9\tex/latex/base\latexsym.st
y"
Package: latexsym 1998/08/17 v2.2e Standard LaTeX package (lasy symbols)
\symlasy=\mathgroup6
LaTeX Font Info:    Overwriting symbol font `lasy' in version `bold'
(Font)                  U/lasy/m/n --> U/lasy/b/n on input line 52.
)
("C:\Users\Raphael\AppData\Local\Programs\MiKTeX 2.9\tex/latex/graphics\lscape.
sty"
Package: lscape 2000/10/22 v3.01 Landscape Pages (DPC)
)
Package hyperref Info: Option `colorlinks' set `true' on input line 641.
Package hyperref Info: Option `breaklinks' set `true' on input line 641.
\TCC@idxfile=\write4
\openout4 = `TCC.idx'.


Writing index file TCC.idx 
)
\@input{pre-textuais/capa.aux}
\openout2 = `pre-textuais/capa.aux'.

(pre-textuais/capa.tex)
\@input{pre-textuais/naomexapretext/folha-rosto.aux}
\openout2 = `pre-textuais/naomexapretext/folha-rosto.aux'.

(pre-textuais/naomexapretext/folha-rosto.tex)
\@input{pre-textuais/folha-aprovacao.aux}
\openout2 = `pre-textuais/folha-aprovacao.aux'.

(pre-textuais/folha-aprovacao.tex) (TCC.aux (pre-textuais/resumo.aux)
(pre-textuais/naomexapretext/lista-figuras.aux) (pre-textuais/lista-siglas.aux)
(pre-textuais/naomexapretext/sumario.aux) (textuais/introducao.aux)
(textuais/problematica.aux) (textuais/objetivos.aux)
(textuais/hipotese-e-justificativa.aux) (textuais/trabalhos-relacionados.aux)
(textuais/fundamentacao-teorica.aux

LaTeX Warning: Label `fig:esp8266ex' multiply defined.


LaTeX Warning: Label `fig:youcto-fluxo' multiply defined.


LaTeX Warning: Label `fig:youcto-fluxo' multiply defined.


LaTeX Warning: Label `fig:youcto-fluxo' multiply defined.

) (textuais/metodologia.aux

LaTeX Warning: Label `sec: dev_ele_hardware' multiply defined.

) (textuais/cronograma.aux) (pos-textuais/naomexapostext/referencias.aux)
(pos-textuais/citações-escondidas.aux))
\openout1 = `TCC.aux'.

LaTeX Font Info:    Checking defaults for OML/cmm/m/it on input line 26.
LaTeX Font Info:    ... okay on input line 26.
LaTeX Font Info:    Checking defaults for T1/cmr/m/n on input line 26.
LaTeX Font Info:    ... okay on input line 26.
LaTeX Font Info:    Checking defaults for OT1/cmr/m/n on input line 26.
LaTeX Font Info:    ... okay on input line 26.
LaTeX Font Info:    Checking defaults for OMS/cmsy/m/n on input line 26.
LaTeX Font Info:    ... okay on input line 26.
LaTeX Font Info:    Checking defaults for OMX/cmex/m/n on input line 26.
LaTeX Font Info:    ... okay on input line 26.
LaTeX Font Info:    Checking defaults for U/cmr/m/n on input line 26.
LaTeX Font Info:    ... okay on input line 26.
LaTeX Font Info:    Checking defaults for PD1/pdf/m/n on input line 26.
LaTeX Font Info:    ... okay on input line 26.
\AtBeginShipoutBox=\box47
Package hyperref Info: Link coloring ON on input line 26.

("C:\Users\Raphael\AppData\Local\Programs\MiKTeX 2.9\tex/latex/hyperref\nameref
.sty"
Package: nameref 2019/09/16 v2.46 Cross-referencing by name of section

("C:\Users\Raphael\AppData\Local\Programs\MiKTeX 2.9\tex/latex/oberdiek\refcoun
t.sty"
Package: refcount 2016/05/16 v3.5 Data extraction from label references (HO)
)
("C:\Users\Raphael\AppData\Local\Programs\MiKTeX 2.9\tex/generic/oberdiek\getti
tlestring.sty"
Package: gettitlestring 2016/05/16 v1.5 Cleanup title references (HO)
)
\c@section@level=\count270
)
Redoing nameref's sectioning
Redoing nameref's label
LaTeX Info: Redefining \nameref on input line 26.
LaTeX Info: Redefining \ref on input line 26.
LaTeX Info: Redefining \pageref on input line 26.
LaTeX Info: Redefining \nameref on input line 26.
\myptabbox=\box48
\myptabboxwidth=\skip291
Package caption Info: Begin \AtBeginDocument code.
Package caption Info: float package is loaded.
Package caption Info: rotating package is loaded.
Package caption Info: End \AtBeginDocument code.

("C:\Users\Raphael\AppData\Local\Programs\MiKTeX 2.9\tex/context/base/mkii\supp
-pdf.mkii"
[Loading MPS to PDF converter (version 2006.09.02).]
\scratchcounter=\count271
\scratchdimen=\dimen186
\scratchbox=\box49
\nofMPsegments=\count272
\nofMParguments=\count273
\everyMPshowfont=\toks38
\MPscratchCnt=\count274
\MPscratchDim=\dimen187
\MPnumerator=\count275
\makeMPintoPDFobject=\count276
\everyMPtoPDFconversion=\toks39
)
("C:\Users\Raphael\AppData\Local\Programs\MiKTeX 2.9\tex/latex/epstopdf-pkg\eps
topdf-base.sty"
Package: epstopdf-base 2019/11/24 v2.7 Base part for package epstopdf

("C:\Users\Raphael\AppData\Local\Programs\MiKTeX 2.9\tex/latex/oberdiek\grfext.
sty"
Package: grfext 2016/05/16 v1.2 Manage graphics extensions (HO)
)
Package epstopdf-base Info: Redefining graphics rule for `.eps' on input line 4
42.
Package grfext Info: Graphics extension search list:
(grfext)             [.pdf,.png,.jpg,.mps,.jpeg,.jbig2,.jb2,.PDF,.PNG,.JPG,.JPE
G,.JBIG2,.JB2,.eps]
(grfext)             \AppendGraphicsExtensions on input line 460.
)
LaTeX Info: Redefining \microtypecontext on input line 26.
Package microtype Info: Generating PDF output.
Package microtype Info: Character protrusion enabled (level 2).
Package microtype Info: Using default protrusion set `alltext'.
Package microtype Info: Automatic font expansion enabled (level 2),
(microtype)             stretch: 20, shrink: 20, step: 1, non-selected.
Package microtype Info: Using default expansion set `basictext'.
LaTeX Info: Redefining \showhyphens on input line 26.
Package microtype Info: No adjustment of tracking.
Package microtype Info: No adjustment of interword spacing.
Package microtype Info: No adjustment of character kerning.

("C:\Users\Raphael\AppData\Local\Programs\MiKTeX 2.9\tex/latex/microtype\mt-cmr
.cfg"
File: mt-cmr.cfg 2013/05/19 v2.2 microtype config. file: Computer Modern Roman 
(RS)
)
Package lastpage Info: Please have a look at the pageslts package at
(lastpage)             https://www.ctan.org/pkg/pageslts
(lastpage)             ! on input line 26.
<figuras/institucional/brasao_capa.jpg, id=3, 531.48563pt x 73.02281pt>
File: figuras/institucional/brasao_capa.jpg Graphic file (type jpg)
<use figuras/institucional/brasao_capa.jpg>
Package pdftex.def Info: figuras/institucional/brasao_capa.jpg  used on input l
ine 29.
(pdftex.def)             Requested size: 398.33858pt x 54.73018pt.
 [1







{C:/Users/Raphael/AppData/Local/MiKTeX/2.9/pdftex/config/pdftex.map} <./figuras
/institucional/brasao_capa.jpg>]
LaTeX Font Info:    Trying to load font information for OT1+lmr on input line 3
0.

("C:\Users\Raphael\AppData\Local\Programs\MiKTeX 2.9\tex/latex/lm\ot1lmr.fd"
File: ot1lmr.fd 2009/10/30 v1.6 Font defs for Latin Modern
)
LaTeX Font Info:    Trying to load font information for OML+lmm on input line 3
0.

("C:\Users\Raphael\AppData\Local\Programs\MiKTeX 2.9\tex/latex/lm\omllmm.fd"
File: omllmm.fd 2009/10/30 v1.6 Font defs for Latin Modern
)
LaTeX Font Info:    Trying to load font information for OMS+lmsy on input line 
30.

("C:\Users\Raphael\AppData\Local\Programs\MiKTeX 2.9\tex/latex/lm\omslmsy.fd"
File: omslmsy.fd 2009/10/30 v1.6 Font defs for Latin Modern
)
LaTeX Font Info:    Trying to load font information for OMX+lmex on input line 
30.

("C:\Users\Raphael\AppData\Local\Programs\MiKTeX 2.9\tex/latex/lm\omxlmex.fd"
File: omxlmex.fd 2009/10/30 v1.6 Font defs for Latin Modern
)
LaTeX Font Info:    External font `lmex10' loaded for size
(Font)              <12> on input line 30.
LaTeX Font Info:    External font `lmex10' loaded for size
(Font)              <8> on input line 30.
LaTeX Font Info:    External font `lmex10' loaded for size
(Font)              <6> on input line 30.
LaTeX Font Info:    Trying to load font information for U+msa on input line 30.


("C:\Users\Raphael\AppData\Local\Programs\MiKTeX 2.9\tex/latex/amsfonts\umsa.fd
"
File: umsa.fd 2013/01/14 v3.01 AMS symbols A
)
("C:\Users\Raphael\AppData\Local\Programs\MiKTeX 2.9\tex/latex/microtype\mt-msa
.cfg"
File: mt-msa.cfg 2006/02/04 v1.1 microtype config. file: AMS symbols (a) (RS)
)
LaTeX Font Info:    Trying to load font information for U+msb on input line 30.


("C:\Users\Raphael\AppData\Local\Programs\MiKTeX 2.9\tex/latex/amsfonts\umsb.fd
"
File: umsb.fd 2013/01/14 v3.01 AMS symbols B
)
("C:\Users\Raphael\AppData\Local\Programs\MiKTeX 2.9\tex/latex/microtype\mt-msb
.cfg"
File: mt-msb.cfg 2005/06/01 v1.0 microtype config. file: AMS symbols (b) (RS)
)
LaTeX Font Info:    Trying to load font information for U+lasy on input line 30
.

("C:\Users\Raphael\AppData\Local\Programs\MiKTeX 2.9\tex/latex/base\ulasy.fd"
File: ulasy.fd 1998/08/17 v2.2e LaTeX symbol font definitions
)
Underfull \hbox (badness 2261) in paragraph at lines 30--30
\T1/aer/m/n/10.95 (+20) ava-li-a-dora do curso de En-ge-nha-ria de Con-trole e
 []


Overfull \hbox (1.04799pt too wide) in paragraph at lines 30--30
[][]  
 []

pdfTeX warning (ext4): destination with the same identifier (name{page.1}) has 
been already used, duplicate ignored
<to be read again> 
                   \relax 
l.30 	\imprimirfolhaderosto{}
                              [1



]
\openout2 = `pre-textuais/resumo.aux'.

 (pre-textuais/resumo.tex [2


])
\openout2 = `pre-textuais/naomexapretext/lista-figuras.aux'.


(pre-textuais/naomexapretext/lista-figuras.tex (TCC.lof) [3



])
\openout2 = `pre-textuais/lista-siglas.aux'.


(pre-textuais/lista-siglas.tex [4




])
\openout2 = `pre-textuais/naomexapretext/sumario.aux'.

 (pre-textuais/naomexapretext/sumario.tex
(TCC.toc [5



]) [6])
\openout2 = `textuais/introducao.aux'.

 (textuais/introducao.tex) [7




]
\openout2 = `textuais/problematica.aux'.

 (textuais/problematica.tex)
[8



]
\openout2 = `textuais/objetivos.aux'.

 (textuais/objetivos.tex) [9



]
\openout2 = `textuais/hipotese-e-justificativa.aux'.

 (textuais/hipotese-e-justificativa.tex)
[10



]
\openout2 = `textuais/trabalhos-relacionados.aux'.

 (textuais/trabalhos-relacionados.tex
<figuras/trabalhos_relacionados/fig01.png, id=210, 510.40688pt x 481.04718pt>
File: figuras/trabalhos_relacionados/fig01.png Graphic file (type png)
<use figuras/trabalhos_relacionados/fig01.png>
Package pdftex.def Info: figuras/trabalhos_relacionados/fig01.png  used on inpu
t line 19.
(pdftex.def)             Requested size: 318.49861pt x 300.19131pt.
 [11



 <./figuras/trabalhos_relacionados/fig01.png>]
<figuras/trabalhos_relacionados/fig02.png, id=219, 383.93437pt x 529.98pt>
File: figuras/trabalhos_relacionados/fig02.png Graphic file (type png)
<use figuras/trabalhos_relacionados/fig02.png>
Package pdftex.def Info: figuras/trabalhos_relacionados/fig02.png  used on inpu
t line 28.
(pdftex.def)             Requested size: 227.5pt x 314.04407pt.
<figuras/trabalhos_relacionados/fig03.png, id=220, 579.66562pt x 433.62pt>
File: figuras/trabalhos_relacionados/fig03.png Graphic file (type png)
<use figuras/trabalhos_relacionados/fig03.png>
Package pdftex.def Info: figuras/trabalhos_relacionados/fig03.png  used on inpu
t line 35.
(pdftex.def)             Requested size: 227.5pt x 170.18298pt.
 [12 <./figuras/trabalhos_relacionados/fig02.png> <./figuras/trabalhos_relacion
ados/fig03.png>]
<figuras/trabalhos_relacionados/fig04.png, id=230, 566.86781pt x 476.53032pt>
File: figuras/trabalhos_relacionados/fig04.png Graphic file (type png)
<use figuras/trabalhos_relacionados/fig04.png>
Package pdftex.def Info: figuras/trabalhos_relacionados/fig04.png  used on inpu
t line 61.
(pdftex.def)             Requested size: 364.00139pt x 306.00362pt.
<figuras/trabalhos_relacionados/fig05.png, id=231, 481.04718pt x 231.11343pt>
File: figuras/trabalhos_relacionados/fig05.png Graphic file (type png)
<use figuras/trabalhos_relacionados/fig05.png>
Package pdftex.def Info: figuras/trabalhos_relacionados/fig05.png  used on inpu
t line 68.
(pdftex.def)             Requested size: 364.00139pt x 174.88278pt.
 [13 <./figuras/trabalhos_relacionados/fig04.png>]
LaTeX Font Info:    External font `lmex10' loaded for size
(Font)              <10.95> on input line 76.

Overfull \hbox (11.42943pt too wide) in paragraph at lines 76--91
 [][] 
 []

[14 <./figuras/trabalhos_relacionados/fig05.png>]
<figuras/trabalhos_relacionados/fig06.png, id=248, 459.96844pt x 191.9672pt>
File: figuras/trabalhos_relacionados/fig06.png Graphic file (type png)
<use figuras/trabalhos_relacionados/fig06.png>
Package pdftex.def Info: figuras/trabalhos_relacionados/fig06.png  used on inpu
t line 109.
(pdftex.def)             Requested size: 364.00139pt x 151.92482pt.
 [15 <./figuras/trabalhos_relacionados/fig06.png>]
<figuras/trabalhos_relacionados/fig07.png, id=255, 893.58844pt x 449.42906pt>
File: figuras/trabalhos_relacionados/fig07.png Graphic file (type png)
<use figuras/trabalhos_relacionados/fig07.png>
Package pdftex.def Info: figuras/trabalhos_relacionados/fig07.png  used on inpu
t line 138.
(pdftex.def)             Requested size: 227.5pt x 114.42116pt.
 [16 <./figuras/trabalhos_relacionados/fig07.png>]
<figuras/trabalhos_relacionados/fig08.png, id=261, 471.26062pt x 419.31656pt>
File: figuras/trabalhos_relacionados/fig08.png Graphic file (type png)
<use figuras/trabalhos_relacionados/fig08.png>
Package pdftex.def Info: figuras/trabalhos_relacionados/fig08.png  used on inpu
t line 161.
(pdftex.def)             Requested size: 455.0pt x 404.85547pt.
)
[17 <./figuras/trabalhos_relacionados/fig08.png>]
\openout2 = `textuais/fundamentacao-teorica.aux'.


(textuais/fundamentacao-teorica.tex
<figuras/esquema_cisterna.png, id=269, 578.91281pt x 417.81094pt>
File: figuras/esquema_cisterna.png Graphic file (type png)
<use figuras/esquema_cisterna.png>
Package pdftex.def Info: figuras/esquema_cisterna.png  used on input line 15.
(pdftex.def)             Requested size: 455.0pt x 328.37758pt.
 [18



 <./figuras/esquema_cisterna.png>]

LaTeX Warning: No positions in optional float specifier.
               Default added (so using `tbp') on input line 22.


Overfull \hbox (22.89372pt too wide) in paragraph at lines 25--39
 [][] 
 []

<figuras/esquema_basico_proj.png, id=279, 540.51938pt x 548.80031pt>
File: figuras/esquema_basico_proj.png Graphic file (type png)
<use figuras/esquema_basico_proj.png>
Package pdftex.def Info: figuras/esquema_basico_proj.png  used on input line 49
.
(pdftex.def)             Requested size: 455.0pt x 461.98561pt.
[19]
<figuras/esp8266ex.jpg, id=285, 441.90094pt x 333.49594pt>
File: figuras/esp8266ex.jpg Graphic file (type jpg)
<use figuras/esp8266ex.jpg>
Package pdftex.def Info: figuras/esp8266ex.jpg  used on input line 62.
(pdftex.def)             Requested size: 136.50139pt x 103.01628pt.
 [20 <./figuras/esquema_basico_proj.png>]
<figuras/modulos_esp8266.png, id=292, 575.14874pt x 383.4325pt>
File: figuras/modulos_esp8266.png Graphic file (type png)
<use figuras/modulos_esp8266.png>
Package pdftex.def Info: figuras/modulos_esp8266.png  used on input line 74.
(pdftex.def)             Requested size: 227.5pt x 151.66772pt.
<figuras/ESP-12S.png, id=294, 414.04688pt x 298.11375pt>
File: figuras/ESP-12S.png Graphic file (type png)
<use figuras/ESP-12S.png>
Package pdftex.def Info: figuras/ESP-12S.png  used on input line 85.
(pdftex.def)             Requested size: 136.50139pt x 98.2823pt.
 [21 <./figuras/esp8266ex.jpg> <./figuras/modulos_esp8266.png> <./figuras/ESP-1
2S.png>]
<figuras/ESP32.png, id=302, 423.83344pt x 377.91188pt>
File: figuras/ESP32.png Graphic file (type png)
<use figuras/ESP32.png>
Package pdftex.def Info: figuras/ESP32.png  used on input line 97.
(pdftex.def)             Requested size: 136.50139pt x 121.71274pt.
<figuras/rasp_zerow.png, id=303, 155.83218pt x 304.13625pt>
File: figuras/rasp_zerow.png Graphic file (type png)
<use figuras/rasp_zerow.png>
Package pdftex.def Info: figuras/rasp_zerow.png  used on input line 111.
(pdftex.def)             Requested size: 136.50139pt x 266.41092pt.
 [22 <./figuras/ESP32.png>]
<figuras/fonte_chaveada.jpg, id=310, 411.5375pt x 411.5375pt>
File: figuras/fonte_chaveada.jpg Graphic file (type jpg)
<use figuras/fonte_chaveada.jpg>
Package pdftex.def Info: figuras/fonte_chaveada.jpg  used on input line 123.
(pdftex.def)             Requested size: 181.99722pt x 181.99387pt.
<figuras/bomba.jpeg, id=312, 414.04688pt x 414.04688pt>
File: figuras/bomba.jpeg Graphic file (type jpg)
<use figuras/bomba.jpeg>
Package pdftex.def Info: figuras/bomba.jpeg  used on input line 135.
(pdftex.def)             Requested size: 136.50139pt x 136.5032pt.
 [23 <./figuras/rasp_zerow.png> <./figuras/fonte_chaveada.jpg>]
<figuras/ACS712.png, id=318, 117.43875pt x 76.78688pt>
File: figuras/ACS712.png Graphic file (type png)
<use figuras/ACS712.png>
Package pdftex.def Info: figuras/ACS712.png  used on input line 153.
(pdftex.def)             Requested size: 136.50139pt x 89.25092pt.
<figuras/ACS712_typical.png, id=319, 187.45032pt x 137.01187pt>
File: figuras/ACS712_typical.png Graphic file (type png)
<use figuras/ACS712_typical.png>
Package pdftex.def Info: figuras/ACS712_typical.png  used on input line 164.
(pdftex.def)             Requested size: 181.99722pt x 133.03307pt.
 [24 <./figuras/bomba.jpeg> <./figuras/ACS712.png>]
<figuras/diagrama_ativação_bomba.png, id=328, 716.6775pt x 537.50812pt>
File: figuras/diagrama_ativação_bomba.png Graphic file (type png)
<use figuras/diagrama_ativação_bomba.png>
Package pdftex.def Info: figuras/diagrama_ativação_bomba.png  used on input l
ine 178.
(pdftex.def)             Requested size: 409.49722pt x 307.12917pt.
 [25 <./figuras/ACS712_typical.png> <./figuras/diagrama_ativação_bomba.png>]
<figuras/IRF1404.png, id=337, 250.68657pt x 371.88937pt>
File: figuras/IRF1404.png Graphic file (type png)
<use figuras/IRF1404.png>
Package pdftex.def Info: figuras/IRF1404.png  used on input line 190.
(pdftex.def)             Requested size: 90.99861pt x 134.99796pt.
<figuras/sensor_ultra.jpg, id=338, 511.9125pt x 314.17375pt>
File: figuras/sensor_ultra.jpg Graphic file (type jpg)
<use figuras/sensor_ultra.jpg>
Package pdftex.def Info: figuras/sensor_ultra.jpg  used on input line 202.
(pdftex.def)             Requested size: 227.5pt x 139.6223pt.
 [26 <./figuras/IRF1404.png> <./figuras/sensor_ultra.jpg>]
<figuras/solenoide.png, id=344, 373.395pt x 307.90031pt>
File: figuras/solenoide.png Graphic file (type png)
<use figuras/solenoide.png>
Package pdftex.def Info: figuras/solenoide.png  used on input line 218.
(pdftex.def)             Requested size: 181.99722pt x 150.07378pt.
<figuras/chave_boia.png, id=346, 400.49625pt x 320.69812pt>
File: figuras/chave_boia.png Graphic file (type png)
<use figuras/chave_boia.png>
Package pdftex.def Info: figuras/chave_boia.png  used on input line 230.
(pdftex.def)             Requested size: 227.5pt x 182.17346pt.
 [27 <./figuras/solenoide.png>]
<figuras/gerenciador_placas_arduino.png, id=352, 591.71063pt x 333.49594pt>
File: figuras/gerenciador_placas_arduino.png Graphic file (type png)
<use figuras/gerenciador_placas_arduino.png>
Package pdftex.def Info: figuras/gerenciador_placas_arduino.png  used on input 
line 245.
(pdftex.def)             Requested size: 455.0pt x 256.4517pt.
 [28 <./figuras/chave_boia.png>]
<figuras/yocto-fluxo.png, id=358, 670.00313pt x 376.40625pt>
File: figuras/yocto-fluxo.png Graphic file (type png)
<use figuras/yocto-fluxo.png>
Package pdftex.def Info: figuras/yocto-fluxo.png  used on input line 261.
(pdftex.def)             Requested size: 455.0pt x 255.61398pt.

[29 <./figuras/gerenciador_placas_arduino.png>]
<figuras/react_native_elements.png, id=364, 890.32625pt x 533.995pt>
File: figuras/react_native_elements.png Graphic file (type png)
<use figuras/react_native_elements.png>
Package pdftex.def Info: figuras/react_native_elements.png  used on input line 
274.
(pdftex.def)             Requested size: 318.49861pt x 191.02399pt.
 [30 <./figuras/yocto-fluxo.png>]
<figuras/electron_apps.png, id=370, 922.94812pt x 214.55156pt>
File: figuras/electron_apps.png Graphic file (type png)
<use figuras/electron_apps.png>
Package pdftex.def Info: figuras/electron_apps.png  used on input line 286.
(pdftex.def)             Requested size: 455.0pt x 105.76956pt.
) [31 <./figuras/react_native_elements.png> <./figuras/electron_apps.png>]
\openout2 = `textuais/metodologia.aux'.


(textuais/metodologia.tex
<figuras/visão_geral_meu_kanban.png, id=379, 1466.47874pt x 651.18282pt>
File: figuras/visão_geral_meu_kanban.png Graphic file (type png)
<use figuras/visão_geral_meu_kanban.png>
Package pdftex.def Info: figuras/visão_geral_meu_kanban.png  used on input lin
e 15.
(pdftex.def)             Requested size: 386.75278pt x 171.72798pt.
 [32



]
<figuras/github.png, id=384, 1421.31pt x 491.58656pt>
File: figuras/github.png Graphic file (type png)
<use figuras/github.png>
Package pdftex.def Info: figuras/github.png  used on input line 24.
(pdftex.def)             Requested size: 386.75278pt x 133.76527pt.
 [33 <./figuras/visão_geral_meu_kanban.png> <./figuras/github.png>]) [34]
\openout2 = `textuais/cronograma.aux'.

 (textuais/cronograma.tex
<tabelas/cronograma_2020.png, id=395, 688.82344pt x 752.8125pt>
File: tabelas/cronograma_2020.png Graphic file (type png)
<use tabelas/cronograma_2020.png>
Package pdftex.def Info: tabelas/cronograma_2020.png  used on input line 8.
(pdftex.def)             Requested size: 455.0pt x 497.27132pt.
 [35



 <./tabelas/cronograma_2020.png>]
<tabelas/cronograma_2021.png, id=401, 656.4525pt x 526.21594pt>
File: tabelas/cronograma_2021.png Graphic file (type png)
<use tabelas/cronograma_2021.png>
Package pdftex.def Info: tabelas/cronograma_2021.png  used on input line 14.
(pdftex.def)             Requested size: 455.0pt x 364.73541pt.
) [36 <./tabelas/cronograma_2021.png>]
\openout2 = `pos-textuais/naomexapostext/referencias.aux'.


(pos-textuais/naomexapostext/referencias.tex (TCC.bbl (TCC.brf)
\tf@brf=\write5
\openout5 = `TCC.brf'.


bibitemlist
)) [37



]
\openout2 = `pos-textuais/citações-escondidas.aux'.

 (pos-textuais/citações-escondidas.tex)

AED: lastpage setting LastPage
\tf@lof=\write6
\openout6 = `TCC.lof'.

\tf@toc=\write7
\openout7 = `TCC.toc'.

Package atveryend Info: Empty hook `BeforeClearDocument' on input line 72.
Package atveryend Info: Empty hook `AfterLastShipout' on input line 72.
(TCC.aux (pre-textuais/resumo.aux)
(pre-textuais/naomexapretext/lista-figuras.aux) (pre-textuais/lista-siglas.aux)
(pre-textuais/naomexapretext/sumario.aux) (textuais/introducao.aux)
(textuais/problematica.aux) (textuais/objetivos.aux)
(textuais/hipotese-e-justificativa.aux) (textuais/trabalhos-relacionados.aux)
(textuais/fundamentacao-teorica.aux) (textuais/metodologia.aux)
(textuais/cronograma.aux) (pos-textuais/naomexapostext/referencias.aux)
(pos-textuais/citações-escondidas.aux))
Package atveryend Info: Executing hook `AtVeryEndDocument' on input line 72.
Package atveryend Info: Executing hook `AtEndAfterFileList' on input line 72.
Package rerunfilecheck Info: File `TCC.brf' has not changed.
(rerunfilecheck)             Checksum: D41D8CD98F00B204E9800998ECF8427E;0.


LaTeX Warning: There were multiply-defined labels.

Package atveryend Info: Empty hook `AtVeryVeryEnd' on input line 72.
 ) 
Here is how much of TeX's memory you used:
 18083 strings out of 492484
 290732 string characters out of 3120695
 462772 words of memory out of 3000000
 21168 multiletter control sequences out of 15000+200000
 96247 words of font info for 568 fonts, out of 3000000 for 9000
 1143 hyphenation exceptions out of 8191
 54i,18n,51p,1689b,501s stack positions out of 5000i,500n,10000p,200000b,50000s
{C:/Users/Raphael/AppData/Local/Programs/MiKTeX 2.9/fonts/enc/dvips/lm/lm-rm.
enc}<C:/Users/Raphael/AppData/Local/Programs/MiKTeX 2.9/fonts/type1/public/amsf
onts/cm/cmbx10.pfb><C:/Users/Raphael/AppData/Local/Programs/MiKTeX 2.9/fonts/ty
pe1/public/amsfonts/cm/cmbx12.pfb><C:/Users/Raphael/AppData/Local/Programs/MiKT
eX 2.9/fonts/type1/public/amsfonts/cm/cmbxti10.pfb><C:/Users/Raphael/AppData/Lo
cal/Programs/MiKTeX 2.9/fonts/type1/public/amsfonts/cm/cmmi12.pfb><C:/Users/Rap
hael/AppData/Local/Programs/MiKTeX 2.9/fonts/type1/public/amsfonts/cm/cmr10.pfb
><C:/Users/Raphael/AppData/Local/Programs/MiKTeX 2.9/fonts/type1/public/amsfont
s/cm/cmr12.pfb><C:/Users/Raphael/AppData/Local/Programs/MiKTeX 2.9/fonts/type1/
public/amsfonts/cm/cmti12.pfb><C:/Users/Raphael/AppData/Local/Programs/MiKTeX 2
.9/fonts/type1/public/lm/lmr12.pfb>
Output written on TCC.pdf (38 pages, 4772328 bytes).
PDF statistics:
 618 PDF objects out of 1000 (max. 8388607)
 140 named destinations out of 1000 (max. 500000)
 60414 words of extra memory for PDF output out of 61914 (max. 10000000)

